2019-12-18 08:56:24,944 INFO: Scatterplot startup [in /Users/jboucas/flask_dashboard/app/__init__.py:45]
2019-12-18 08:56:32,743 ERROR: Exception on / [GET] [in /Users/jboucas/flask_dashboard/venv/lib/python3.7/site-packages/flask/app.py:1891]
Traceback (most recent call last):
  File "/Users/jboucas/flask_dashboard/venv/lib/python3.7/site-packages/flask/app.py", line 2446, in wsgi_app
    response = self.full_dispatch_request()
  File "/Users/jboucas/flask_dashboard/venv/lib/python3.7/site-packages/flask/app.py", line 1951, in full_dispatch_request
    rv = self.handle_user_exception(e)
  File "/Users/jboucas/flask_dashboard/venv/lib/python3.7/site-packages/flask/app.py", line 1820, in handle_user_exception
    reraise(exc_type, exc_value, tb)
  File "/Users/jboucas/flask_dashboard/venv/lib/python3.7/site-packages/flask/_compat.py", line 39, in reraise
    raise value
  File "/Users/jboucas/flask_dashboard/venv/lib/python3.7/site-packages/flask/app.py", line 1949, in full_dispatch_request
    rv = self.dispatch_request()
  File "/Users/jboucas/flask_dashboard/venv/lib/python3.7/site-packages/flask/app.py", line 1935, in dispatch_request
    return self.view_functions[rule.endpoint](**req.view_args)
  File "/Users/jboucas/flask_dashboard/venv/lib/python3.7/site-packages/flask_login/utils.py", line 261, in decorated_view
    return func(*args, **kwargs)
  File "/Users/jboucas/flask_dashboard/app/routes.py", line 177, in index
    maxHeightSideBar=int(float(session["width"])*0.9)
  File "/Users/jboucas/flask_dashboard/venv/lib/python3.7/site-packages/werkzeug/local.py", line 378, in <lambda>
    __getitem__ = lambda x, i: x._get_current_object()[i]
KeyError: 'width'
2019-12-18 08:58:44,982 INFO: Scatterplot startup [in /Users/jboucas/flask_dashboard/app/__init__.py:45]
2019-12-18 09:00:03,929 INFO: Scatterplot startup [in /Users/jboucas/flask_dashboard/app/__init__.py:45]
2019-12-18 09:00:21,476 INFO: Scatterplot startup [in /Users/jboucas/flask_dashboard/app/__init__.py:45]
2019-12-18 09:00:35,799 INFO: Scatterplot startup [in /Users/jboucas/flask_dashboard/app/__init__.py:45]
2019-12-18 09:00:50,883 INFO: Scatterplot startup [in /Users/jboucas/flask_dashboard/app/__init__.py:45]
2019-12-18 09:01:18,342 INFO: Scatterplot startup [in /Users/jboucas/flask_dashboard/app/__init__.py:45]
2019-12-18 09:10:19,095 INFO: Scatterplot startup [in /Users/jboucas/flask_dashboard/app/__init__.py:45]
2019-12-18 09:11:58,823 INFO: Scatterplot startup [in /Users/jboucas/flask_dashboard/app/__init__.py:45]
2019-12-18 09:12:24,327 INFO: Scatterplot startup [in /Users/jboucas/flask_dashboard/app/__init__.py:45]
